{"C:\\kaizen-clicker\\src\\engine\\constants.ts": {"path":"C:\\kaizen-clicker\\src\\engine\\constants.ts","statementMap":{"0":{"start":{"line":3,"column":49},"end":{"line":46,"column":null}},"1":{"start":{"line":48,"column":29},"end":{"line":52,"column":null}}},"fnMap":{},"branchMap":{},"s":{"0":1,"1":1},"f":{},"b":{},"meta":{"lastBranch":0,"lastFunction":0,"lastStatement":2,"seen":{"s:3:49:46:Infinity":0,"s:48:29:52:Infinity":1},"fnNames":{}}}
,"C:\\kaizen-clicker\\src\\engine\\core.ts": {"path":"C:\\kaizen-clicker\\src\\engine\\core.ts","statementMap":{"0":{"start":{"line":4,"column":13},"end":{"line":18,"column":null}},"1":{"start":{"line":4,"column":52},"end":{"line":18,"column":null}},"2":{"start":{"line":20,"column":13},"end":{"line":25,"column":null}},"3":{"start":{"line":21,"column":18},"end":{"line":21,"column":null}},"4":{"start":{"line":22,"column":2},"end":{"line":22,"column":null}},"5":{"start":{"line":22,"column":16},"end":{"line":22,"column":null}},"6":{"start":{"line":24,"column":2},"end":{"line":24,"column":null}},"7":{"start":{"line":27,"column":13},"end":{"line":66,"column":null}},"8":{"start":{"line":28,"column":14},"end":{"line":28,"column":null}},"9":{"start":{"line":29,"column":19},"end":{"line":29,"column":null}},"10":{"start":{"line":30,"column":12},"end":{"line":30,"column":null}},"11":{"start":{"line":31,"column":24},"end":{"line":31,"column":null}},"12":{"start":{"line":34,"column":18},"end":{"line":34,"column":null}},"13":{"start":{"line":35,"column":2},"end":{"line":35,"column":null}},"14":{"start":{"line":36,"column":2},"end":{"line":36,"column":null}},"15":{"start":{"line":39,"column":22},"end":{"line":39,"column":null}},"16":{"start":{"line":40,"column":2},"end":{"line":40,"column":null}},"17":{"start":{"line":43,"column":24},"end":{"line":43,"column":null}},"18":{"start":{"line":44,"column":2},"end":{"line":44,"column":null}},"19":{"start":{"line":47,"column":19},"end":{"line":47,"column":null}},"20":{"start":{"line":48,"column":2},"end":{"line":48,"column":null}},"21":{"start":{"line":49,"column":2},"end":{"line":49,"column":null}},"22":{"start":{"line":52,"column":21},"end":{"line":52,"column":null}},"23":{"start":{"line":53,"column":2},"end":{"line":55,"column":null}},"24":{"start":{"line":54,"column":4},"end":{"line":54,"column":null}},"25":{"start":{"line":58,"column":24},"end":{"line":58,"column":null}},"26":{"start":{"line":59,"column":2},"end":{"line":59,"column":null}},"27":{"start":{"line":62,"column":2},"end":{"line":62,"column":null}},"28":{"start":{"line":62,"column":22},"end":{"line":62,"column":null}},"29":{"start":{"line":63,"column":2},"end":{"line":63,"column":null}},"30":{"start":{"line":63,"column":15},"end":{"line":63,"column":null}},"31":{"start":{"line":65,"column":2},"end":{"line":65,"column":null}},"32":{"start":{"line":68,"column":13},"end":{"line":90,"column":null}},"33":{"start":{"line":69,"column":18},"end":{"line":69,"column":null}},"34":{"start":{"line":70,"column":2},"end":{"line":70,"column":null}},"35":{"start":{"line":70,"column":16},"end":{"line":70,"column":null}},"36":{"start":{"line":72,"column":27},"end":{"line":72,"column":null}},"37":{"start":{"line":73,"column":2},"end":{"line":75,"column":null}},"38":{"start":{"line":74,"column":4},"end":{"line":74,"column":null}},"39":{"start":{"line":77,"column":15},"end":{"line":77,"column":null}},"40":{"start":{"line":78,"column":2},"end":{"line":80,"column":null}},"41":{"start":{"line":79,"column":4},"end":{"line":79,"column":null}},"42":{"start":{"line":82,"column":2},"end":{"line":89,"column":null}},"43":{"start":{"line":92,"column":13},"end":{"line":124,"column":null}},"44":{"start":{"line":95,"column":23},"end":{"line":95,"column":null}},"45":{"start":{"line":97,"column":2},"end":{"line":99,"column":null}},"46":{"start":{"line":98,"column":4},"end":{"line":98,"column":null}},"47":{"start":{"line":101,"column":16},"end":{"line":101,"column":null}},"48":{"start":{"line":105,"column":29},"end":{"line":105,"column":null}},"49":{"start":{"line":111,"column":24},"end":{"line":111,"column":null}},"50":{"start":{"line":113,"column":25},"end":{"line":113,"column":null}},"51":{"start":{"line":114,"column":20},"end":{"line":114,"column":null}},"52":{"start":{"line":116,"column":2},"end":{"line":123,"column":null}}},"fnMap":{"0":{"name":"(anonymous_0)","decl":{"start":{"line":4,"column":13},"end":{"line":4,"column":52}},"loc":{"start":{"line":4,"column":52},"end":{"line":18,"column":null}},"line":4},"1":{"name":"(anonymous_1)","decl":{"start":{"line":20,"column":13},"end":{"line":20,"column":37}},"loc":{"start":{"line":20,"column":96},"end":{"line":25,"column":null}},"line":20},"2":{"name":"(anonymous_2)","decl":{"start":{"line":27,"column":13},"end":{"line":27,"column":38}},"loc":{"start":{"line":27,"column":88},"end":{"line":66,"column":null}},"line":27},"3":{"name":"(anonymous_3)","decl":{"start":{"line":68,"column":13},"end":{"line":68,"column":27}},"loc":{"start":{"line":68,"column":81},"end":{"line":90,"column":null}},"line":68},"4":{"name":"(anonymous_4)","decl":{"start":{"line":92,"column":13},"end":{"line":92,"column":28}},"loc":{"start":{"line":92,"column":86},"end":{"line":124,"column":null}},"line":92}},"branchMap":{"0":{"loc":{"start":{"line":22,"column":2},"end":{"line":22,"column":null}},"type":"if","locations":[{"start":{"line":22,"column":2},"end":{"line":22,"column":null}},{"start":{},"end":{}}],"line":22},"1":{"loc":{"start":{"line":34,"column":18},"end":{"line":34,"column":null}},"type":"binary-expr","locations":[{"start":{"line":34,"column":18},"end":{"line":34,"column":36}},{"start":{"line":34,"column":36},"end":{"line":34,"column":null}}],"line":34},"2":{"loc":{"start":{"line":39,"column":22},"end":{"line":39,"column":null}},"type":"binary-expr","locations":[{"start":{"line":39,"column":22},"end":{"line":39,"column":44}},{"start":{"line":39,"column":44},"end":{"line":39,"column":null}}],"line":39},"3":{"loc":{"start":{"line":43,"column":24},"end":{"line":43,"column":null}},"type":"binary-expr","locations":[{"start":{"line":43,"column":24},"end":{"line":43,"column":48}},{"start":{"line":43,"column":48},"end":{"line":43,"column":null}}],"line":43},"4":{"loc":{"start":{"line":47,"column":19},"end":{"line":47,"column":null}},"type":"binary-expr","locations":[{"start":{"line":47,"column":19},"end":{"line":47,"column":38}},{"start":{"line":47,"column":38},"end":{"line":47,"column":null}}],"line":47},"5":{"loc":{"start":{"line":52,"column":21},"end":{"line":52,"column":null}},"type":"binary-expr","locations":[{"start":{"line":52,"column":21},"end":{"line":52,"column":42}},{"start":{"line":52,"column":42},"end":{"line":52,"column":null}}],"line":52},"6":{"loc":{"start":{"line":53,"column":2},"end":{"line":55,"column":null}},"type":"if","locations":[{"start":{"line":53,"column":2},"end":{"line":55,"column":null}},{"start":{},"end":{}}],"line":53},"7":{"loc":{"start":{"line":58,"column":24},"end":{"line":58,"column":null}},"type":"binary-expr","locations":[{"start":{"line":58,"column":24},"end":{"line":58,"column":48}},{"start":{"line":58,"column":48},"end":{"line":58,"column":null}}],"line":58},"8":{"loc":{"start":{"line":62,"column":2},"end":{"line":62,"column":null}},"type":"if","locations":[{"start":{"line":62,"column":2},"end":{"line":62,"column":null}},{"start":{},"end":{}}],"line":62},"9":{"loc":{"start":{"line":63,"column":2},"end":{"line":63,"column":null}},"type":"if","locations":[{"start":{"line":63,"column":2},"end":{"line":63,"column":null}},{"start":{},"end":{}}],"line":63},"10":{"loc":{"start":{"line":70,"column":2},"end":{"line":70,"column":null}},"type":"if","locations":[{"start":{"line":70,"column":2},"end":{"line":70,"column":null}},{"start":{},"end":{}}],"line":70},"11":{"loc":{"start":{"line":72,"column":27},"end":{"line":72,"column":null}},"type":"binary-expr","locations":[{"start":{"line":72,"column":27},"end":{"line":72,"column":56}},{"start":{"line":72,"column":56},"end":{"line":72,"column":null}}],"line":72},"12":{"loc":{"start":{"line":73,"column":2},"end":{"line":75,"column":null}},"type":"if","locations":[{"start":{"line":73,"column":2},"end":{"line":75,"column":null}},{"start":{},"end":{}}],"line":73},"13":{"loc":{"start":{"line":78,"column":2},"end":{"line":80,"column":null}},"type":"if","locations":[{"start":{"line":78,"column":2},"end":{"line":80,"column":null}},{"start":{},"end":{}}],"line":78},"14":{"loc":{"start":{"line":97,"column":2},"end":{"line":99,"column":null}},"type":"if","locations":[{"start":{"line":97,"column":2},"end":{"line":99,"column":null}},{"start":{},"end":{}}],"line":97}},"s":{"0":1,"1":14,"2":1,"3":6,"4":6,"5":1,"6":5,"7":1,"8":6,"9":6,"10":6,"11":6,"12":6,"13":6,"14":6,"15":6,"16":6,"17":6,"18":6,"19":6,"20":6,"21":6,"22":6,"23":6,"24":1,"25":6,"26":6,"27":6,"28":1,"29":6,"30":0,"31":6,"32":1,"33":4,"34":4,"35":1,"36":3,"37":4,"38":1,"39":2,"40":2,"41":1,"42":1,"43":1,"44":3,"45":3,"46":1,"47":2,"48":2,"49":2,"50":2,"51":2,"52":2},"f":{"0":14,"1":6,"2":6,"3":4,"4":3},"b":{"0":[1,5],"1":[6,4],"2":[6,6],"3":[6,5],"4":[6,6],"5":[6,5],"6":[1,5],"7":[6,6],"8":[1,5],"9":[0,6],"10":[1,3],"11":[3,2],"12":[1,3],"13":[1,1],"14":[1,2]},"meta":{"lastBranch":15,"lastFunction":5,"lastStatement":53,"seen":{"s:4:13:18:Infinity":0,"f:4:13:4:52":0,"s:4:52:18:Infinity":1,"s:20:13:25:Infinity":2,"f:20:13:20:37":1,"s:21:18:21:Infinity":3,"b:22:2:22:Infinity:undefined:undefined:undefined:undefined":0,"s:22:2:22:Infinity":4,"s:22:16:22:Infinity":5,"s:24:2:24:Infinity":6,"s:27:13:66:Infinity":7,"f:27:13:27:38":2,"s:28:14:28:Infinity":8,"s:29:19:29:Infinity":9,"s:30:12:30:Infinity":10,"s:31:24:31:Infinity":11,"s:34:18:34:Infinity":12,"b:34:18:34:36:34:36:34:Infinity":1,"s:35:2:35:Infinity":13,"s:36:2:36:Infinity":14,"s:39:22:39:Infinity":15,"b:39:22:39:44:39:44:39:Infinity":2,"s:40:2:40:Infinity":16,"s:43:24:43:Infinity":17,"b:43:24:43:48:43:48:43:Infinity":3,"s:44:2:44:Infinity":18,"s:47:19:47:Infinity":19,"b:47:19:47:38:47:38:47:Infinity":4,"s:48:2:48:Infinity":20,"s:49:2:49:Infinity":21,"s:52:21:52:Infinity":22,"b:52:21:52:42:52:42:52:Infinity":5,"b:53:2:55:Infinity:undefined:undefined:undefined:undefined":6,"s:53:2:55:Infinity":23,"s:54:4:54:Infinity":24,"s:58:24:58:Infinity":25,"b:58:24:58:48:58:48:58:Infinity":7,"s:59:2:59:Infinity":26,"b:62:2:62:Infinity:undefined:undefined:undefined:undefined":8,"s:62:2:62:Infinity":27,"s:62:22:62:Infinity":28,"b:63:2:63:Infinity:undefined:undefined:undefined:undefined":9,"s:63:2:63:Infinity":29,"s:63:15:63:Infinity":30,"s:65:2:65:Infinity":31,"s:68:13:90:Infinity":32,"f:68:13:68:27":3,"s:69:18:69:Infinity":33,"b:70:2:70:Infinity:undefined:undefined:undefined:undefined":10,"s:70:2:70:Infinity":34,"s:70:16:70:Infinity":35,"s:72:27:72:Infinity":36,"b:72:27:72:56:72:56:72:Infinity":11,"b:73:2:75:Infinity:undefined:undefined:undefined:undefined":12,"s:73:2:75:Infinity":37,"s:74:4:74:Infinity":38,"s:77:15:77:Infinity":39,"b:78:2:80:Infinity:undefined:undefined:undefined:undefined":13,"s:78:2:80:Infinity":40,"s:79:4:79:Infinity":41,"s:82:2:89:Infinity":42,"s:92:13:124:Infinity":43,"f:92:13:92:28":4,"s:95:23:95:Infinity":44,"b:97:2:99:Infinity:undefined:undefined:undefined:undefined":14,"s:97:2:99:Infinity":45,"s:98:4:98:Infinity":46,"s:101:16:101:Infinity":47,"s:105:29:105:Infinity":48,"s:111:24:111:Infinity":49,"s:113:25:113:Infinity":50,"s:114:20:114:Infinity":51,"s:116:2:123:Infinity":52},"fnNames":{}}}
,"C:\\kaizen-clicker\\src\\engine\\types.ts": {"path":"C:\\kaizen-clicker\\src\\engine\\types.ts","statementMap":{},"fnMap":{},"branchMap":{},"s":{},"f":{},"b":{},"meta":{"lastBranch":0,"lastFunction":0,"lastStatement":0,"seen":{},"fnNames":{}}}
}
